<?xml version="1.0" encoding="UTF-8"?>
<testng-results ignored="0" total="1" passed="1" failed="0" skipped="0">
  <reporter-output>
  </reporter-output>
  <suite started-at="2024-09-30T14:41:06 IST" name="All Test Suite" finished-at="2024-09-30T14:41:09 IST" duration-ms="2392">
    <groups>
    </groups>
    <test started-at="2024-09-30T14:41:06 IST" name="/Users/venktesh.mane/FanCode/.idea" finished-at="2024-09-30T14:41:09 IST" duration-ms="2392">
      <class name="com.FanCode.testcases.completionOfTodosTask_Test">
        <test-method signature="getTodos()[pri:0, instance:com.FanCode.testcases.completionOfTodosTask_Test@2141a12]" started-at="2024-09-30T14:41:06 IST" name="getTodos" finished-at="2024-09-30T14:41:09 IST" duration-ms="2344" status="PASS">
          <reporter-output>
          </reporter-output>
        </test-method> <!-- getTodos -->
      </class> <!-- com.FanCode.testcases.completionOfTodosTask_Test -->
    </test> <!-- /Users/venktesh.mane/FanCode/.idea -->
  </suite> <!-- All Test Suite -->
</testng-results>
